  Source.cpp
C:\Users\Admin\Desktop\ПКР 03.1\ПКР 03.1\ПКР 03.1\Source.cpp(11,27): warning C4566: character represented by universal-character-name '\u0406' cannot be represented in the current code page (1252)
C:\Users\Admin\Desktop\ПКР 03.1\ПКР 03.1\ПКР 03.1\Source.cpp(11,27): warning C4566: character represented by universal-character-name '\u0422' cannot be represented in the current code page (1252)
C:\Users\Admin\Desktop\ПКР 03.1\ПКР 03.1\ПКР 03.1\Source.cpp(11,34): warning C4566: character represented by universal-character-name '\u041A' cannot be represented in the current code page (1252)
C:\Users\Admin\Desktop\ПКР 03.1\ПКР 03.1\ПКР 03.1\Source.cpp(11,34): warning C4566: character represented by universal-character-name '\u041D' cannot be represented in the current code page (1252)
C:\Users\Admin\Desktop\ПКР 03.1\ПКР 03.1\ПКР 03.1\Source.cpp(11,41): warning C4566: character represented by universal-character-name '\u041F' cannot be represented in the current code page (1252)
C:\Users\Admin\Desktop\ПКР 03.1\ПКР 03.1\ПКР 03.1\Source.cpp(11,41): warning C4566: character represented by universal-character-name '\u0417' cannot be represented in the current code page (1252)
C:\Users\Admin\Desktop\ПКР 03.1\ПКР 03.1\ПКР 03.1\Source.cpp(11,48): warning C4566: character represented by universal-character-name '\u0412' cannot be represented in the current code page (1252)
C:\Users\Admin\Desktop\ПКР 03.1\ПКР 03.1\ПКР 03.1\Source.cpp(11,48): warning C4566: character represented by universal-character-name '\u041F' cannot be represented in the current code page (1252)
C:\Users\Admin\Desktop\ПКР 03.1\ПКР 03.1\ПКР 03.1\Source.cpp(11,55): warning C4566: character represented by universal-character-name '\u0421' cannot be represented in the current code page (1252)
C:\Users\Admin\Desktop\ПКР 03.1\ПКР 03.1\ПКР 03.1\Source.cpp(11,55): warning C4566: character represented by universal-character-name '\u0410' cannot be represented in the current code page (1252)
C:\Users\Admin\Desktop\ПКР 03.1\ПКР 03.1\ПКР 03.1\Source.cpp(35,10): warning C4566: character represented by universal-character-name '\u0412' cannot be represented in the current code page (1252)
C:\Users\Admin\Desktop\ПКР 03.1\ПКР 03.1\ПКР 03.1\Source.cpp(35,10): warning C4566: character represented by universal-character-name '\u0432' cannot be represented in the current code page (1252)
C:\Users\Admin\Desktop\ПКР 03.1\ПКР 03.1\ПКР 03.1\Source.cpp(35,10): warning C4566: character represented by universal-character-name '\u0435' cannot be represented in the current code page (1252)
C:\Users\Admin\Desktop\ПКР 03.1\ПКР 03.1\ПКР 03.1\Source.cpp(35,10): warning C4566: character represented by universal-character-name '\u0434' cannot be represented in the current code page (1252)
C:\Users\Admin\Desktop\ПКР 03.1\ПКР 03.1\ПКР 03.1\Source.cpp(35,10): warning C4566: character represented by universal-character-name '\u0456' cannot be represented in the current code page (1252)
C:\Users\Admin\Desktop\ПКР 03.1\ПКР 03.1\ПКР 03.1\Source.cpp(35,10): warning C4566: character represented by universal-character-name '\u0442' cannot be represented in the current code page (1252)
C:\Users\Admin\Desktop\ПКР 03.1\ПКР 03.1\ПКР 03.1\Source.cpp(35,10): warning C4566: character represented by universal-character-name '\u044C' cannot be represented in the current code page (1252)
C:\Users\Admin\Desktop\ПКР 03.1\ПКР 03.1\ПКР 03.1\Source.cpp(35,10): warning C4566: character represented by universal-character-name '\u043A' cannot be represented in the current code page (1252)
C:\Users\Admin\Desktop\ПКР 03.1\ПКР 03.1\ПКР 03.1\Source.cpp(35,10): warning C4566: character represented by universal-character-name '\u043B' cannot be represented in the current code page (1252)
C:\Users\Admin\Desktop\ПКР 03.1\ПКР 03.1\ПКР 03.1\Source.cpp(35,10): warning C4566: character represented by universal-character-name '\u0441' cannot be represented in the current code page (1252)
C:\Users\Admin\Desktop\ПКР 03.1\ПКР 03.1\ПКР 03.1\Source.cpp(35,10): warning C4566: character represented by universal-character-name '\u0443' cannot be represented in the current code page (1252)
C:\Users\Admin\Desktop\ПКР 03.1\ПКР 03.1\ПКР 03.1\Source.cpp(35,10): warning C4566: character represented by universal-character-name '\u043D' cannot be represented in the current code page (1252)
C:\Users\Admin\Desktop\ПКР 03.1\ПКР 03.1\ПКР 03.1\Source.cpp(40,10): warning C4566: character represented by universal-character-name '\u041A' cannot be represented in the current code page (1252)
C:\Users\Admin\Desktop\ПКР 03.1\ПКР 03.1\ПКР 03.1\Source.cpp(40,10): warning C4566: character represented by universal-character-name '\u0456' cannot be represented in the current code page (1252)
C:\Users\Admin\Desktop\ПКР 03.1\ПКР 03.1\ПКР 03.1\Source.cpp(40,10): warning C4566: character represented by universal-character-name '\u043B' cannot be represented in the current code page (1252)
C:\Users\Admin\Desktop\ПКР 03.1\ПКР 03.1\ПКР 03.1\Source.cpp(40,10): warning C4566: character represented by universal-character-name '\u044C' cannot be represented in the current code page (1252)
C:\Users\Admin\Desktop\ПКР 03.1\ПКР 03.1\ПКР 03.1\Source.cpp(40,10): warning C4566: character represented by universal-character-name '\u043A' cannot be represented in the current code page (1252)
C:\Users\Admin\Desktop\ПКР 03.1\ПКР 03.1\ПКР 03.1\Source.cpp(40,10): warning C4566: character represented by universal-character-name '\u0441' cannot be represented in the current code page (1252)
C:\Users\Admin\Desktop\ПКР 03.1\ПКР 03.1\ПКР 03.1\Source.cpp(40,10): warning C4566: character represented by universal-character-name '\u0442' cannot be represented in the current code page (1252)
C:\Users\Admin\Desktop\ПКР 03.1\ПКР 03.1\ПКР 03.1\Source.cpp(40,10): warning C4566: character represented by universal-character-name '\u0443' cannot be represented in the current code page (1252)
C:\Users\Admin\Desktop\ПКР 03.1\ПКР 03.1\ПКР 03.1\Source.cpp(40,10): warning C4566: character represented by universal-character-name '\u0434' cannot be represented in the current code page (1252)
C:\Users\Admin\Desktop\ПКР 03.1\ПКР 03.1\ПКР 03.1\Source.cpp(40,10): warning C4566: character represented by universal-character-name '\u0435' cannot be represented in the current code page (1252)
C:\Users\Admin\Desktop\ПКР 03.1\ПКР 03.1\ПКР 03.1\Source.cpp(40,10): warning C4566: character represented by universal-character-name '\u043D' cannot be represented in the current code page (1252)
C:\Users\Admin\Desktop\ПКР 03.1\ПКР 03.1\ПКР 03.1\Source.cpp(40,10): warning C4566: character represented by universal-character-name '\u0432' cannot be represented in the current code page (1252)
C:\Users\Admin\Desktop\ПКР 03.1\ПКР 03.1\ПКР 03.1\Source.cpp(40,10): warning C4566: character represented by universal-character-name '\u0440' cannot be represented in the current code page (1252)
C:\Users\Admin\Desktop\ПКР 03.1\ПКР 03.1\ПКР 03.1\Source.cpp(40,10): warning C4566: character represented by universal-character-name '\u0439' cannot be represented in the current code page (1252)
C:\Users\Admin\Desktop\ПКР 03.1\ПКР 03.1\ПКР 03.1\Source.cpp(40,10): warning C4566: character represented by universal-character-name '\u0431' cannot be represented in the current code page (1252)
C:\Users\Admin\Desktop\ПКР 03.1\ПКР 03.1\ПКР 03.1\Source.cpp(40,10): warning C4566: character represented by universal-character-name '\u0430' cannot be represented in the current code page (1252)
C:\Users\Admin\Desktop\ПКР 03.1\ПКР 03.1\ПКР 03.1\Source.cpp(40,10): warning C4566: character represented by universal-character-name '\u044F' cannot be represented in the current code page (1252)
C:\Users\Admin\Desktop\ПКР 03.1\ПКР 03.1\ПКР 03.1\Source.cpp(40,10): warning C4566: character represented by universal-character-name '\u0438' cannot be represented in the current code page (1252)
C:\Users\Admin\Desktop\ПКР 03.1\ПКР 03.1\ПКР 03.1\Source.cpp(40,10): warning C4566: character represented by universal-character-name '\u0445' cannot be represented in the current code page (1252)
C:\Users\Admin\Desktop\ПКР 03.1\ПКР 03.1\ПКР 03.1\Source.cpp(40,10): warning C4566: character represented by universal-character-name '\u043C' cannot be represented in the current code page (1252)
C:\Users\Admin\Desktop\ПКР 03.1\ПКР 03.1\ПКР 03.1\Source.cpp(40,10): warning C4566: character represented by universal-character-name '\u0448' cannot be represented in the current code page (1252)
C:\Users\Admin\Desktop\ПКР 03.1\ПКР 03.1\ПКР 03.1\Source.cpp(41,10): warning C4566: character represented by universal-character-name '\u041F' cannot be represented in the current code page (1252)
C:\Users\Admin\Desktop\ПКР 03.1\ПКР 03.1\ПКР 03.1\Source.cpp(41,10): warning C4566: character represented by universal-character-name '\u0440' cannot be represented in the current code page (1252)
C:\Users\Admin\Desktop\ПКР 03.1\ПКР 03.1\ПКР 03.1\Source.cpp(41,10): warning C4566: character represented by universal-character-name '\u0435' cannot be represented in the current code page (1252)
C:\Users\Admin\Desktop\ПКР 03.1\ПКР 03.1\ПКР 03.1\Source.cpp(41,10): warning C4566: character represented by universal-character-name '\u0434' cannot be represented in the current code page (1252)
C:\Users\Admin\Desktop\ПКР 03.1\ПКР 03.1\ПКР 03.1\Source.cpp(41,10): warning C4566: character represented by universal-character-name '\u043C' cannot be represented in the current code page (1252)
C:\Users\Admin\Desktop\ПКР 03.1\ПКР 03.1\ПКР 03.1\Source.cpp(41,10): warning C4566: character represented by universal-character-name '\u0442' cannot be represented in the current code page (1252)
C:\Users\Admin\Desktop\ПКР 03.1\ПКР 03.1\ПКР 03.1\Source.cpp(41,10): warning C4566: character represented by universal-character-name '\u0441' cannot be represented in the current code page (1252)
C:\Users\Admin\Desktop\ПКР 03.1\ПКР 03.1\ПКР 03.1\Source.cpp(41,10): warning C4566: character represented by universal-character-name '\u043D' cannot be represented in the current code page (1252)
C:\Users\Admin\Desktop\ПКР 03.1\ПКР 03.1\ПКР 03.1\Source.cpp(41,10): warning C4566: character represented by universal-character-name '\u0456' cannot be represented in the current code page (1252)
C:\Users\Admin\Desktop\ПКР 03.1\ПКР 03.1\ПКР 03.1\Source.cpp(41,10): warning C4566: character represented by universal-character-name '\u0439' cannot be represented in the current code page (1252)
C:\Users\Admin\Desktop\ПКР 03.1\ПКР 03.1\ПКР 03.1\Source.cpp(41,10): warning C4566: character represented by universal-character-name '\u0431' cannot be represented in the current code page (1252)
C:\Users\Admin\Desktop\ПКР 03.1\ПКР 03.1\ПКР 03.1\Source.cpp(41,10): warning C4566: character represented by universal-character-name '\u0430' cannot be represented in the current code page (1252)
C:\Users\Admin\Desktop\ПКР 03.1\ПКР 03.1\ПКР 03.1\Source.cpp(41,10): warning C4566: character represented by universal-character-name '\u043B' cannot be represented in the current code page (1252)
C:\Users\Admin\Desktop\ПКР 03.1\ПКР 03.1\ПКР 03.1\Source.cpp(41,10): warning C4566: character represented by universal-character-name '\u044F' cannot be represented in the current code page (1252)
C:\Users\Admin\Desktop\ПКР 03.1\ПКР 03.1\ПКР 03.1\Source.cpp(41,10): warning C4566: character represented by universal-character-name '\u043A' cannot be represented in the current code page (1252)
C:\Users\Admin\Desktop\ПКР 03.1\ПКР 03.1\ПКР 03.1\Source.cpp(41,10): warning C4566: character represented by universal-character-name '\u043E' cannot be represented in the current code page (1252)
C:\Users\Admin\Desktop\ПКР 03.1\ПКР 03.1\ПКР 03.1\Source.cpp(41,10): warning C4566: character represented by universal-character-name '\u0433' cannot be represented in the current code page (1252)
C:\Users\Admin\Desktop\ПКР 03.1\ПКР 03.1\ПКР 03.1\Source.cpp(41,10): warning C4566: character represented by universal-character-name '\u0448' cannot be represented in the current code page (1252)
C:\Users\Admin\Desktop\ПКР 03.1\ПКР 03.1\ПКР 03.1\Source.cpp(41,10): warning C4566: character represented by universal-character-name '\u0438' cannot be represented in the current code page (1252)
C:\Users\Admin\Desktop\ПКР 03.1\ПКР 03.1\ПКР 03.1\Source.cpp(51,11): warning C4566: character represented by universal-character-name '\u0421' cannot be represented in the current code page (1252)
C:\Users\Admin\Desktop\ПКР 03.1\ПКР 03.1\ПКР 03.1\Source.cpp(51,11): warning C4566: character represented by universal-character-name '\u0442' cannot be represented in the current code page (1252)
C:\Users\Admin\Desktop\ПКР 03.1\ПКР 03.1\ПКР 03.1\Source.cpp(51,11): warning C4566: character represented by universal-character-name '\u0443' cannot be represented in the current code page (1252)
C:\Users\Admin\Desktop\ПКР 03.1\ПКР 03.1\ПКР 03.1\Source.cpp(51,11): warning C4566: character represented by universal-character-name '\u0434' cannot be represented in the current code page (1252)
C:\Users\Admin\Desktop\ПКР 03.1\ПКР 03.1\ПКР 03.1\Source.cpp(51,11): warning C4566: character represented by universal-character-name '\u0435' cannot be represented in the current code page (1252)
C:\Users\Admin\Desktop\ПКР 03.1\ПКР 03.1\ПКР 03.1\Source.cpp(51,11): warning C4566: character represented by universal-character-name '\u043D' cannot be represented in the current code page (1252)
C:\Users\Admin\Desktop\ПКР 03.1\ПКР 03.1\ПКР 03.1\Source.cpp(51,11): warning C4566: character represented by universal-character-name '\u2116' cannot be represented in the current code page (1252)
C:\Users\Admin\Desktop\ПКР 03.1\ПКР 03.1\ПКР 03.1\Source.cpp(54,11): warning C4566: character represented by universal-character-name '\u043F' cannot be represented in the current code page (1252)
C:\Users\Admin\Desktop\ПКР 03.1\ПКР 03.1\ПКР 03.1\Source.cpp(54,11): warning C4566: character represented by universal-character-name '\u0440' cannot be represented in the current code page (1252)
C:\Users\Admin\Desktop\ПКР 03.1\ПКР 03.1\ПКР 03.1\Source.cpp(54,11): warning C4566: character represented by universal-character-name '\u0456' cannot be represented in the current code page (1252)
C:\Users\Admin\Desktop\ПКР 03.1\ПКР 03.1\ПКР 03.1\Source.cpp(54,11): warning C4566: character represented by universal-character-name '\u0437' cannot be represented in the current code page (1252)
C:\Users\Admin\Desktop\ПКР 03.1\ПКР 03.1\ПКР 03.1\Source.cpp(54,11): warning C4566: character represented by universal-character-name '\u0432' cannot be represented in the current code page (1252)
C:\Users\Admin\Desktop\ПКР 03.1\ПКР 03.1\ПКР 03.1\Source.cpp(54,11): warning C4566: character represented by universal-character-name '\u0438' cannot be represented in the current code page (1252)
C:\Users\Admin\Desktop\ПКР 03.1\ПКР 03.1\ПКР 03.1\Source.cpp(54,11): warning C4566: character represented by universal-character-name '\u0449' cannot be represented in the current code page (1252)
C:\Users\Admin\Desktop\ПКР 03.1\ПКР 03.1\ПКР 03.1\Source.cpp(54,11): warning C4566: character represented by universal-character-name '\u0435' cannot be represented in the current code page (1252)
C:\Users\Admin\Desktop\ПКР 03.1\ПКР 03.1\ПКР 03.1\Source.cpp(55,11): warning C4566: character represented by universal-character-name '\u043A' cannot be represented in the current code page (1252)
C:\Users\Admin\Desktop\ПКР 03.1\ПКР 03.1\ПКР 03.1\Source.cpp(55,11): warning C4566: character represented by universal-character-name '\u0443' cannot be represented in the current code page (1252)
C:\Users\Admin\Desktop\ПКР 03.1\ПКР 03.1\ПКР 03.1\Source.cpp(55,11): warning C4566: character represented by universal-character-name '\u0440' cannot be represented in the current code page (1252)
C:\Users\Admin\Desktop\ПКР 03.1\ПКР 03.1\ПКР 03.1\Source.cpp(55,11): warning C4566: character represented by universal-character-name '\u0441' cannot be represented in the current code page (1252)
C:\Users\Admin\Desktop\ПКР 03.1\ПКР 03.1\ПКР 03.1\Source.cpp(56,11): warning C4566: character represented by universal-character-name '\u0441' cannot be represented in the current code page (1252)
C:\Users\Admin\Desktop\ПКР 03.1\ПКР 03.1\ПКР 03.1\Source.cpp(56,11): warning C4566: character represented by universal-character-name '\u043F' cannot be represented in the current code page (1252)
C:\Users\Admin\Desktop\ПКР 03.1\ПКР 03.1\ПКР 03.1\Source.cpp(56,11): warning C4566: character represented by universal-character-name '\u0435' cannot be represented in the current code page (1252)
C:\Users\Admin\Desktop\ПКР 03.1\ПКР 03.1\ПКР 03.1\Source.cpp(56,11): warning C4566: character represented by universal-character-name '\u0446' cannot be represented in the current code page (1252)
C:\Users\Admin\Desktop\ПКР 03.1\ПКР 03.1\ПКР 03.1\Source.cpp(56,11): warning C4566: character represented by universal-character-name '\u0456' cannot be represented in the current code page (1252)
C:\Users\Admin\Desktop\ПКР 03.1\ПКР 03.1\ПКР 03.1\Source.cpp(56,11): warning C4566: character represented by universal-character-name '\u0430' cannot be represented in the current code page (1252)
C:\Users\Admin\Desktop\ПКР 03.1\ПКР 03.1\ПКР 03.1\Source.cpp(56,11): warning C4566: character represented by universal-character-name '\u043B' cannot be represented in the current code page (1252)
C:\Users\Admin\Desktop\ПКР 03.1\ПКР 03.1\ПКР 03.1\Source.cpp(56,11): warning C4566: character represented by universal-character-name '\u044C' cannot be represented in the current code page (1252)
C:\Users\Admin\Desktop\ПКР 03.1\ПКР 03.1\ПКР 03.1\Source.cpp(56,11): warning C4566: character represented by universal-character-name '\u043D' cannot be represented in the current code page (1252)
C:\Users\Admin\Desktop\ПКР 03.1\ПКР 03.1\ПКР 03.1\Source.cpp(56,11): warning C4566: character represented by universal-character-name '\u0442' cannot be represented in the current code page (1252)
C:\Users\Admin\Desktop\ПКР 03.1\ПКР 03.1\ПКР 03.1\Source.cpp(56,11): warning C4566: character represented by universal-character-name '\u041A' cannot be represented in the current code page (1252)
C:\Users\Admin\Desktop\ПКР 03.1\ПКР 03.1\ПКР 03.1\Source.cpp(56,11): warning C4566: character represented by universal-character-name '\u041D' cannot be represented in the current code page (1252)
C:\Users\Admin\Desktop\ПКР 03.1\ПКР 03.1\ПКР 03.1\Source.cpp(56,11): warning C4566: character represented by universal-character-name '\u0406' cannot be represented in the current code page (1252)
C:\Users\Admin\Desktop\ПКР 03.1\ПКР 03.1\ПКР 03.1\Source.cpp(56,11): warning C4566: character represented by universal-character-name '\u0422' cannot be represented in the current code page (1252)
C:\Users\Admin\Desktop\ПКР 03.1\ПКР 03.1\ПКР 03.1\Source.cpp(56,11): warning C4566: character represented by universal-character-name '\u041F' cannot be represented in the current code page (1252)
C:\Users\Admin\Desktop\ПКР 03.1\ПКР 03.1\ПКР 03.1\Source.cpp(56,11): warning C4566: character represented by universal-character-name '\u0417' cannot be represented in the current code page (1252)
C:\Users\Admin\Desktop\ПКР 03.1\ПКР 03.1\ПКР 03.1\Source.cpp(56,11): warning C4566: character represented by universal-character-name '\u0412' cannot be represented in the current code page (1252)
C:\Users\Admin\Desktop\ПКР 03.1\ПКР 03.1\ПКР 03.1\Source.cpp(56,11): warning C4566: character represented by universal-character-name '\u0421' cannot be represented in the current code page (1252)
C:\Users\Admin\Desktop\ПКР 03.1\ПКР 03.1\ПКР 03.1\Source.cpp(56,11): warning C4566: character represented by universal-character-name '\u0410' cannot be represented in the current code page (1252)
C:\Users\Admin\Desktop\ПКР 03.1\ПКР 03.1\ПКР 03.1\Source.cpp(58,11): warning C4566: character represented by universal-character-name '\u043E' cannot be represented in the current code page (1252)
C:\Users\Admin\Desktop\ПКР 03.1\ПКР 03.1\ПКР 03.1\Source.cpp(58,11): warning C4566: character represented by universal-character-name '\u0446' cannot be represented in the current code page (1252)
C:\Users\Admin\Desktop\ПКР 03.1\ПКР 03.1\ПКР 03.1\Source.cpp(58,11): warning C4566: character represented by universal-character-name '\u0456' cannot be represented in the current code page (1252)
C:\Users\Admin\Desktop\ПКР 03.1\ПКР 03.1\ПКР 03.1\Source.cpp(58,11): warning C4566: character represented by universal-character-name '\u043D' cannot be represented in the current code page (1252)
C:\Users\Admin\Desktop\ПКР 03.1\ПКР 03.1\ПКР 03.1\Source.cpp(58,11): warning C4566: character represented by universal-character-name '\u043A' cannot be represented in the current code page (1252)
C:\Users\Admin\Desktop\ПКР 03.1\ПКР 03.1\ПКР 03.1\Source.cpp(58,11): warning C4566: character represented by universal-character-name '\u0430' cannot be represented in the current code page (1252)
C:\Users\Admin\Desktop\ПКР 03.1\ПКР 03.1\ПКР 03.1\Source.cpp(58,11): warning C4566: character represented by universal-character-name '\u0437' cannot be represented in the current code page (1252)
C:\Users\Admin\Desktop\ПКР 03.1\ПКР 03.1\ПКР 03.1\Source.cpp(58,11): warning C4566: character represented by universal-character-name '\u0444' cannot be represented in the current code page (1252)
C:\Users\Admin\Desktop\ПКР 03.1\ПКР 03.1\ПКР 03.1\Source.cpp(58,11): warning C4566: character represented by universal-character-name '\u0438' cannot be represented in the current code page (1252)
C:\Users\Admin\Desktop\ПКР 03.1\ПКР 03.1\ПКР 03.1\Source.cpp(59,11): warning C4566: character represented by universal-character-name '\u043E' cannot be represented in the current code page (1252)
C:\Users\Admin\Desktop\ПКР 03.1\ПКР 03.1\ПКР 03.1\Source.cpp(59,11): warning C4566: character represented by universal-character-name '\u0446' cannot be represented in the current code page (1252)
C:\Users\Admin\Desktop\ПКР 03.1\ПКР 03.1\ПКР 03.1\Source.cpp(59,11): warning C4566: character represented by universal-character-name '\u0456' cannot be represented in the current code page (1252)
C:\Users\Admin\Desktop\ПКР 03.1\ПКР 03.1\ПКР 03.1\Source.cpp(59,11): warning C4566: character represented by universal-character-name '\u043D' cannot be represented in the current code page (1252)
C:\Users\Admin\Desktop\ПКР 03.1\ПКР 03.1\ПКР 03.1\Source.cpp(59,11): warning C4566: character represented by universal-character-name '\u043A' cannot be represented in the current code page (1252)
C:\Users\Admin\Desktop\ПКР 03.1\ПКР 03.1\ПКР 03.1\Source.cpp(59,11): warning C4566: character represented by universal-character-name '\u0430' cannot be represented in the current code page (1252)
C:\Users\Admin\Desktop\ПКР 03.1\ПКР 03.1\ПКР 03.1\Source.cpp(59,11): warning C4566: character represented by universal-character-name '\u0437' cannot be represented in the current code page (1252)
C:\Users\Admin\Desktop\ПКР 03.1\ПКР 03.1\ПКР 03.1\Source.cpp(59,11): warning C4566: character represented by universal-character-name '\u043C' cannot be represented in the current code page (1252)
C:\Users\Admin\Desktop\ПКР 03.1\ПКР 03.1\ПКР 03.1\Source.cpp(59,11): warning C4566: character represented by universal-character-name '\u0442' cannot be represented in the current code page (1252)
C:\Users\Admin\Desktop\ПКР 03.1\ПКР 03.1\ПКР 03.1\Source.cpp(59,11): warning C4566: character represented by universal-character-name '\u0435' cannot be represented in the current code page (1252)
C:\Users\Admin\Desktop\ПКР 03.1\ПКР 03.1\ПКР 03.1\Source.cpp(59,11): warning C4566: character represented by universal-character-name '\u0438' cannot be represented in the current code page (1252)
C:\Users\Admin\Desktop\ПКР 03.1\ПКР 03.1\ПКР 03.1\Source.cpp(60,11): warning C4566: character represented by universal-character-name '\u043E' cannot be represented in the current code page (1252)
C:\Users\Admin\Desktop\ПКР 03.1\ПКР 03.1\ПКР 03.1\Source.cpp(60,11): warning C4566: character represented by universal-character-name '\u0446' cannot be represented in the current code page (1252)
C:\Users\Admin\Desktop\ПКР 03.1\ПКР 03.1\ПКР 03.1\Source.cpp(60,11): warning C4566: character represented by universal-character-name '\u0456' cannot be represented in the current code page (1252)
C:\Users\Admin\Desktop\ПКР 03.1\ПКР 03.1\ПКР 03.1\Source.cpp(60,11): warning C4566: character represented by universal-character-name '\u043D' cannot be represented in the current code page (1252)
C:\Users\Admin\Desktop\ПКР 03.1\ПКР 03.1\ПКР 03.1\Source.cpp(60,11): warning C4566: character represented by universal-character-name '\u043A' cannot be represented in the current code page (1252)
C:\Users\Admin\Desktop\ПКР 03.1\ПКР 03.1\ПКР 03.1\Source.cpp(60,11): warning C4566: character represented by universal-character-name '\u0430' cannot be represented in the current code page (1252)
C:\Users\Admin\Desktop\ПКР 03.1\ПКР 03.1\ПКР 03.1\Source.cpp(60,11): warning C4566: character represented by universal-character-name '\u0437' cannot be represented in the current code page (1252)
C:\Users\Admin\Desktop\ПКР 03.1\ПКР 03.1\ПКР 03.1\Source.cpp(60,11): warning C4566: character represented by universal-character-name '\u0444' cannot be represented in the current code page (1252)
C:\Users\Admin\Desktop\ПКР 03.1\ПКР 03.1\ПКР 03.1\Source.cpp(60,11): warning C4566: character represented by universal-character-name '\u0440' cannot be represented in the current code page (1252)
C:\Users\Admin\Desktop\ПКР 03.1\ПКР 03.1\ПКР 03.1\Source.cpp(60,11): warning C4566: character represented by universal-character-name '\u043C' cannot be represented in the current code page (1252)
C:\Users\Admin\Desktop\ПКР 03.1\ПКР 03.1\ПКР 03.1\Source.cpp(60,11): warning C4566: character represented by universal-character-name '\u0442' cannot be represented in the current code page (1252)
C:\Users\Admin\Desktop\ПКР 03.1\ПКР 03.1\ПКР 03.1\Source.cpp(60,11): warning C4566: character represented by universal-character-name '\u0438' cannot be represented in the current code page (1252)
C:\Users\Admin\Desktop\ПКР 03.1\ПКР 03.1\ПКР 03.1\Source.cpp(48,6): warning C4101: 'kurs': unreferenced local variable
C:\Users\Admin\Desktop\ПКР 03.1\ПКР 03.1\ПКР 03.1\Source.cpp(70,10): warning C4566: character represented by universal-character-name '\u2116' cannot be represented in the current code page (1252)
C:\Users\Admin\Desktop\ПКР 03.1\ПКР 03.1\ПКР 03.1\Source.cpp(70,10): warning C4566: character represented by universal-character-name '\u041F' cannot be represented in the current code page (1252)
C:\Users\Admin\Desktop\ПКР 03.1\ПКР 03.1\ПКР 03.1\Source.cpp(70,10): warning C4566: character represented by universal-character-name '\u0440' cannot be represented in the current code page (1252)
C:\Users\Admin\Desktop\ПКР 03.1\ПКР 03.1\ПКР 03.1\Source.cpp(70,10): warning C4566: character represented by universal-character-name '\u0456' cannot be represented in the current code page (1252)
C:\Users\Admin\Desktop\ПКР 03.1\ПКР 03.1\ПКР 03.1\Source.cpp(70,10): warning C4566: character represented by universal-character-name '\u0437' cannot be represented in the current code page (1252)
C:\Users\Admin\Desktop\ПКР 03.1\ПКР 03.1\ПКР 03.1\Source.cpp(70,10): warning C4566: character represented by universal-character-name '\u0432' cannot be represented in the current code page (1252)
C:\Users\Admin\Desktop\ПКР 03.1\ПКР 03.1\ПКР 03.1\Source.cpp(70,10): warning C4566: character represented by universal-character-name '\u0438' cannot be represented in the current code page (1252)
C:\Users\Admin\Desktop\ПКР 03.1\ПКР 03.1\ПКР 03.1\Source.cpp(70,10): warning C4566: character represented by universal-character-name '\u0449' cannot be represented in the current code page (1252)
C:\Users\Admin\Desktop\ПКР 03.1\ПКР 03.1\ПКР 03.1\Source.cpp(70,10): warning C4566: character represented by universal-character-name '\u0435' cannot be represented in the current code page (1252)
C:\Users\Admin\Desktop\ПКР 03.1\ПКР 03.1\ПКР 03.1\Source.cpp(70,10): warning C4566: character represented by universal-character-name '\u041A' cannot be represented in the current code page (1252)
C:\Users\Admin\Desktop\ПКР 03.1\ПКР 03.1\ПКР 03.1\Source.cpp(70,10): warning C4566: character represented by universal-character-name '\u0443' cannot be represented in the current code page (1252)
C:\Users\Admin\Desktop\ПКР 03.1\ПКР 03.1\ПКР 03.1\Source.cpp(70,10): warning C4566: character represented by universal-character-name '\u0441' cannot be represented in the current code page (1252)
C:\Users\Admin\Desktop\ПКР 03.1\ПКР 03.1\ПКР 03.1\Source.cpp(70,10): warning C4566: character represented by universal-character-name '\u0421' cannot be represented in the current code page (1252)
C:\Users\Admin\Desktop\ПКР 03.1\ПКР 03.1\ПКР 03.1\Source.cpp(70,10): warning C4566: character represented by universal-character-name '\u043F' cannot be represented in the current code page (1252)
C:\Users\Admin\Desktop\ПКР 03.1\ПКР 03.1\ПКР 03.1\Source.cpp(70,10): warning C4566: character represented by universal-character-name '\u0446' cannot be represented in the current code page (1252)
C:\Users\Admin\Desktop\ПКР 03.1\ПКР 03.1\ПКР 03.1\Source.cpp(70,10): warning C4566: character represented by universal-character-name '\u0430' cannot be represented in the current code page (1252)
C:\Users\Admin\Desktop\ПКР 03.1\ПКР 03.1\ПКР 03.1\Source.cpp(70,10): warning C4566: character represented by universal-character-name '\u043B' cannot be represented in the current code page (1252)
C:\Users\Admin\Desktop\ПКР 03.1\ПКР 03.1\ПКР 03.1\Source.cpp(70,10): warning C4566: character represented by universal-character-name '\u044C' cannot be represented in the current code page (1252)
C:\Users\Admin\Desktop\ПКР 03.1\ПКР 03.1\ПКР 03.1\Source.cpp(70,10): warning C4566: character represented by universal-character-name '\u043D' cannot be represented in the current code page (1252)
C:\Users\Admin\Desktop\ПКР 03.1\ПКР 03.1\ПКР 03.1\Source.cpp(70,10): warning C4566: character represented by universal-character-name '\u0442' cannot be represented in the current code page (1252)
C:\Users\Admin\Desktop\ПКР 03.1\ПКР 03.1\ПКР 03.1\Source.cpp(70,10): warning C4566: character represented by universal-character-name '\u0424' cannot be represented in the current code page (1252)
C:\Users\Admin\Desktop\ПКР 03.1\ПКР 03.1\ПКР 03.1\Source.cpp(70,10): warning C4566: character represented by universal-character-name '\u043A' cannot be represented in the current code page (1252)
C:\Users\Admin\Desktop\ПКР 03.1\ПКР 03.1\ПКР 03.1\Source.cpp(70,10): warning C4566: character represented by universal-character-name '\u041C' cannot be represented in the current code page (1252)
C:\Users\Admin\Desktop\ПКР 03.1\ПКР 03.1\ПКР 03.1\Source.cpp(70,10): warning C4566: character represented by universal-character-name '\u043C' cannot be represented in the current code page (1252)
C:\Users\Admin\Desktop\ПКР 03.1\ПКР 03.1\ПКР 03.1\Source.cpp(70,10): warning C4566: character represented by universal-character-name '\u0406' cannot be represented in the current code page (1252)
C:\Users\Admin\Desktop\ПКР 03.1\ПКР 03.1\ПКР 03.1\Source.cpp(70,10): warning C4566: character represented by universal-character-name '\u0444' cannot be represented in the current code page (1252)
C:\Users\Admin\Desktop\ПКР 03.1\ПКР 03.1\ПКР 03.1\Source.cpp(70,10): warning C4566: character represented by universal-character-name '\u043E' cannot be represented in the current code page (1252)
C:\Users\Admin\Desktop\ПКР 03.1\ПКР 03.1\ПКР 03.1\Source.cpp(94,12): warning C4566: character represented by universal-character-name '\u0424' cannot be represented in the current code page (1252)
C:\Users\Admin\Desktop\ПКР 03.1\ПКР 03.1\ПКР 03.1\Source.cpp(94,12): warning C4566: character represented by universal-character-name '\u0456' cannot be represented in the current code page (1252)
C:\Users\Admin\Desktop\ПКР 03.1\ПКР 03.1\ПКР 03.1\Source.cpp(94,12): warning C4566: character represented by universal-character-name '\u0437' cannot be represented in the current code page (1252)
C:\Users\Admin\Desktop\ПКР 03.1\ПКР 03.1\ПКР 03.1\Source.cpp(94,12): warning C4566: character represented by universal-character-name '\u0438' cannot be represented in the current code page (1252)
C:\Users\Admin\Desktop\ПКР 03.1\ПКР 03.1\ПКР 03.1\Source.cpp(94,12): warning C4566: character represented by universal-character-name '\u043A' cannot be represented in the current code page (1252)
C:\Users\Admin\Desktop\ПКР 03.1\ПКР 03.1\ПКР 03.1\Source.cpp(94,12): warning C4566: character represented by universal-character-name '\u0430' cannot be represented in the current code page (1252)
C:\Users\Admin\Desktop\ПКР 03.1\ПКР 03.1\ПКР 03.1\Source.cpp(96,12): warning C4566: character represented by universal-character-name '\u041C' cannot be represented in the current code page (1252)
C:\Users\Admin\Desktop\ПКР 03.1\ПКР 03.1\ПКР 03.1\Source.cpp(96,12): warning C4566: character represented by universal-character-name '\u0430' cannot be represented in the current code page (1252)
C:\Users\Admin\Desktop\ПКР 03.1\ПКР 03.1\ПКР 03.1\Source.cpp(96,12): warning C4566: character represented by universal-character-name '\u0442' cannot be represented in the current code page (1252)
C:\Users\Admin\Desktop\ПКР 03.1\ПКР 03.1\ПКР 03.1\Source.cpp(96,12): warning C4566: character represented by universal-character-name '\u0435' cannot be represented in the current code page (1252)
C:\Users\Admin\Desktop\ПКР 03.1\ПКР 03.1\ПКР 03.1\Source.cpp(96,12): warning C4566: character represented by universal-character-name '\u043C' cannot be represented in the current code page (1252)
C:\Users\Admin\Desktop\ПКР 03.1\ПКР 03.1\ПКР 03.1\Source.cpp(96,12): warning C4566: character represented by universal-character-name '\u0438' cannot be represented in the current code page (1252)
C:\Users\Admin\Desktop\ПКР 03.1\ПКР 03.1\ПКР 03.1\Source.cpp(96,12): warning C4566: character represented by universal-character-name '\u043A' cannot be represented in the current code page (1252)
C:\Users\Admin\Desktop\ПКР 03.1\ПКР 03.1\ПКР 03.1\Source.cpp(98,12): warning C4566: character represented by universal-character-name '\u0406' cannot be represented in the current code page (1252)
C:\Users\Admin\Desktop\ПКР 03.1\ПКР 03.1\ПКР 03.1\Source.cpp(98,12): warning C4566: character represented by universal-character-name '\u043D' cannot be represented in the current code page (1252)
C:\Users\Admin\Desktop\ПКР 03.1\ПКР 03.1\ПКР 03.1\Source.cpp(98,12): warning C4566: character represented by universal-character-name '\u0444' cannot be represented in the current code page (1252)
C:\Users\Admin\Desktop\ПКР 03.1\ПКР 03.1\ПКР 03.1\Source.cpp(98,12): warning C4566: character represented by universal-character-name '\u043E' cannot be represented in the current code page (1252)
C:\Users\Admin\Desktop\ПКР 03.1\ПКР 03.1\ПКР 03.1\Source.cpp(98,12): warning C4566: character represented by universal-character-name '\u0440' cannot be represented in the current code page (1252)
C:\Users\Admin\Desktop\ПКР 03.1\ПКР 03.1\ПКР 03.1\Source.cpp(98,12): warning C4566: character represented by universal-character-name '\u043C' cannot be represented in the current code page (1252)
C:\Users\Admin\Desktop\ПКР 03.1\ПКР 03.1\ПКР 03.1\Source.cpp(98,12): warning C4566: character represented by universal-character-name '\u0430' cannot be represented in the current code page (1252)
C:\Users\Admin\Desktop\ПКР 03.1\ПКР 03.1\ПКР 03.1\Source.cpp(98,12): warning C4566: character represented by universal-character-name '\u0442' cannot be represented in the current code page (1252)
C:\Users\Admin\Desktop\ПКР 03.1\ПКР 03.1\ПКР 03.1\Source.cpp(98,12): warning C4566: character represented by universal-character-name '\u0438' cannot be represented in the current code page (1252)
C:\Users\Admin\Desktop\ПКР 03.1\ПКР 03.1\ПКР 03.1\Source.cpp(98,12): warning C4566: character represented by universal-character-name '\u043A' cannot be represented in the current code page (1252)
  ПКР 03.1.vcxproj -> C:\Users\Admin\Desktop\ПКР 03.1\ПКР 03.1\Debug\ПКР 03.1.exe
